2023-03-03 02:11:35,145 INFO    StreamThr :5676 [internal.py:wandb_internal():87] W&B internal server running at pid: 5676, started at: 2023-03-03 02:11:35.145100
2023-03-03 02:11:35,160 DEBUG   HandlerThread:5676 [handler.py:handle_request():144] handle_request: status
2023-03-03 02:11:35,176 INFO    WriterThread:5676 [datastore.py:open_for_write():85] open: C:\Users\anant\CS6910\Assignment 1\wandb\run-20230303_021135-4lluirue\run-4lluirue.wandb
2023-03-03 02:11:35,176 DEBUG   SenderThread:5676 [sender.py:send():336] send: header
2023-03-03 02:11:35,223 DEBUG   SenderThread:5676 [sender.py:send():336] send: run
2023-03-03 02:11:35,880 DEBUG   HandlerThread:5676 [handler.py:handle_request():144] handle_request: check_version
2023-03-03 02:11:35,880 INFO    SenderThread:5676 [dir_watcher.py:__init__():216] watching files in: C:\Users\anant\CS6910\Assignment 1\wandb\run-20230303_021135-4lluirue\files
2023-03-03 02:11:35,880 INFO    SenderThread:5676 [sender.py:_start_run_threads():1067] run started: 4lluirue with start time 1677789695.160721
2023-03-03 02:11:35,880 DEBUG   SenderThread:5676 [sender.py:send_request():363] send_request: summary_record
2023-03-03 02:11:35,880 INFO    SenderThread:5676 [sender.py:_save_file():1321] saving file wandb-summary.json with policy end
2023-03-03 02:11:35,880 DEBUG   SenderThread:5676 [sender.py:send_request():363] send_request: check_version
2023-03-03 02:11:35,943 DEBUG   HandlerThread:5676 [handler.py:handle_request():144] handle_request: run_start
2023-03-03 02:11:36,829 DEBUG   HandlerThread:5676 [system_info.py:__init__():31] System info init
2023-03-03 02:11:36,829 DEBUG   HandlerThread:5676 [system_info.py:__init__():46] System info init done
2023-03-03 02:11:36,829 INFO    HandlerThread:5676 [system_monitor.py:start():151] Starting system monitor
2023-03-03 02:11:36,832 INFO    SystemMonitor:5676 [system_monitor.py:_start():116] Starting system asset monitoring threads
2023-03-03 02:11:36,832 INFO    HandlerThread:5676 [system_monitor.py:probe():172] Collecting system info
2023-03-03 02:11:36,832 INFO    SystemMonitor:5676 [interfaces.py:start():168] Started cpu
2023-03-03 02:11:36,832 INFO    SystemMonitor:5676 [interfaces.py:start():168] Started disk
2023-03-03 02:11:36,832 INFO    SystemMonitor:5676 [interfaces.py:start():168] Started gpu
2023-03-03 02:11:36,832 INFO    SystemMonitor:5676 [interfaces.py:start():168] Started memory
2023-03-03 02:11:36,838 INFO    SystemMonitor:5676 [interfaces.py:start():168] Started network
2023-03-03 02:11:36,870 DEBUG   HandlerThread:5676 [system_info.py:probe():195] Probing system
2023-03-03 02:11:36,870 DEBUG   HandlerThread:5676 [system_info.py:_probe_git():180] Probing git
2023-03-03 02:11:36,870 ERROR   gpu       :5676 [interfaces.py:monitor():129] Failed to sample metric: Not Supported
2023-03-03 02:11:36,901 INFO    Thread-17 :5676 [dir_watcher.py:_on_file_created():275] file/dir created: C:\Users\anant\CS6910\Assignment 1\wandb\run-20230303_021135-4lluirue\files\wandb-summary.json
2023-03-03 02:11:36,966 DEBUG   HandlerThread:5676 [system_info.py:_probe_git():188] Probing git done
2023-03-03 02:11:36,966 DEBUG   HandlerThread:5676 [system_info.py:probe():241] Probing system done
2023-03-03 02:11:36,966 DEBUG   HandlerThread:5676 [system_monitor.py:probe():181] {'os': 'Windows-10-10.0.22621-SP0', 'python': '3.9.13', 'heartbeatAt': '2023-03-02T20:41:36.870307', 'startedAt': '2023-03-02T20:41:35.129472', 'docker': None, 'cuda': None, 'args': None, 'state': 'running', 'program': 'CS6910/Assignment 1/CS6910 Assignment 1.ipynb', 'root': 'C:/Users/anant/CS6910', 'git': {'remote': 'https://github.com/ananthu2014/CS6910.git', 'commit': '5f5c50e2285a1353056d5a4073970254484ba586'}, 'email': 'ananthu2014@gmail.com', 'host': 'ANANTHAKRISHNAN', 'username': 'anant', 'executable': 'C:\\Users\\anant\\anaconda3\\python.exe', 'cpu_count': 4, 'cpu_count_logical': 8, 'cpu_freq': {'current': 2400.0, 'min': 0.0, 'max': 2400.0}, 'cpu_freq_per_core': [{'current': 2400.0, 'min': 0.0, 'max': 2400.0}], 'disk': {'total': 117.99511337280273, 'used': 72.5797348022461}, 'gpu': 'NVIDIA GeForce GTX 1650', 'gpu_count': 1, 'gpu_devices': [{'name': 'NVIDIA GeForce GTX 1650', 'memory_total': 4294967296}], 'memory': {'total': 7.883045196533203}}
2023-03-03 02:11:36,966 INFO    HandlerThread:5676 [system_monitor.py:probe():182] Finished collecting system info
2023-03-03 02:11:36,966 INFO    HandlerThread:5676 [system_monitor.py:probe():185] Publishing system info
2023-03-03 02:11:36,966 DEBUG   HandlerThread:5676 [system_info.py:_save_pip():51] Saving list of pip packages installed into the current environment
2023-03-03 02:11:36,966 DEBUG   HandlerThread:5676 [system_info.py:_save_pip():67] Saving pip packages done
2023-03-03 02:11:36,966 DEBUG   HandlerThread:5676 [system_info.py:_save_conda():74] Saving list of conda packages installed into the current environment
2023-03-03 02:11:37,905 INFO    Thread-17 :5676 [dir_watcher.py:_on_file_created():275] file/dir created: C:\Users\anant\CS6910\Assignment 1\wandb\run-20230303_021135-4lluirue\files\conda-environment.yaml
2023-03-03 02:11:37,905 INFO    Thread-17 :5676 [dir_watcher.py:_on_file_created():275] file/dir created: C:\Users\anant\CS6910\Assignment 1\wandb\run-20230303_021135-4lluirue\files\requirements.txt
2023-03-03 02:11:39,538 ERROR   gpu       :5676 [interfaces.py:monitor():129] Failed to sample metric: Not Supported
2023-03-03 02:11:42,205 ERROR   gpu       :5676 [interfaces.py:monitor():129] Failed to sample metric: Not Supported
2023-03-03 02:11:44,213 ERROR   gpu       :5676 [interfaces.py:monitor():129] Failed to sample metric: Not Supported
2023-03-03 02:11:46,883 ERROR   gpu       :5676 [interfaces.py:monitor():129] Failed to sample metric: Not Supported
2023-03-03 02:11:49,550 ERROR   gpu       :5676 [interfaces.py:monitor():129] Failed to sample metric: Not Supported
2023-03-03 02:11:50,962 INFO    Thread-17 :5676 [dir_watcher.py:_on_file_modified():292] file/dir modified: C:\Users\anant\CS6910\Assignment 1\wandb\run-20230303_021135-4lluirue\files\conda-environment.yaml
2023-03-03 02:11:50,993 DEBUG   HandlerThread:5676 [system_info.py:_save_conda():86] Saving conda packages done
2023-03-03 02:11:50,993 INFO    HandlerThread:5676 [system_monitor.py:probe():187] Finished publishing system info
2023-03-03 02:11:51,009 DEBUG   HandlerThread:5676 [handler.py:handle_request():144] handle_request: status_report
2023-03-03 02:11:51,009 DEBUG   HandlerThread:5676 [handler.py:handle_request():144] handle_request: keepalive
2023-03-03 02:11:51,009 DEBUG   HandlerThread:5676 [handler.py:handle_request():144] handle_request: status_report
2023-03-03 02:11:51,009 DEBUG   HandlerThread:5676 [handler.py:handle_request():144] handle_request: keepalive
2023-03-03 02:11:51,009 DEBUG   HandlerThread:5676 [handler.py:handle_request():144] handle_request: status_report
2023-03-03 02:11:51,025 DEBUG   SenderThread:5676 [sender.py:send():336] send: files
2023-03-03 02:11:51,025 INFO    SenderThread:5676 [sender.py:_save_file():1321] saving file wandb-metadata.json with policy now
2023-03-03 02:11:51,040 DEBUG   HandlerThread:5676 [handler.py:handle_request():144] handle_request: stop_status
2023-03-03 02:11:51,040 DEBUG   SenderThread:5676 [sender.py:send_request():363] send_request: stop_status
2023-03-03 02:11:51,354 DEBUG   SenderThread:5676 [sender.py:send():336] send: telemetry
2023-03-03 02:11:51,887 INFO    wandb-upload_0:5676 [upload_job.py:push():138] Uploaded file C:\Users\anant\AppData\Local\Temp\tmps0qtzhuawandb\kdcd7j19-wandb-metadata.json
2023-03-03 02:11:51,966 INFO    Thread-17 :5676 [dir_watcher.py:_on_file_created():275] file/dir created: C:\Users\anant\CS6910\Assignment 1\wandb\run-20230303_021135-4lluirue\files\wandb-metadata.json
2023-03-03 02:11:51,966 INFO    Thread-17 :5676 [dir_watcher.py:_on_file_created():275] file/dir created: C:\Users\anant\CS6910\Assignment 1\wandb\run-20230303_021135-4lluirue\files\output.log
2023-03-03 02:11:52,107 DEBUG   HandlerThread:5676 [handler.py:handle_request():144] handle_request: partial_history
2023-03-03 02:11:52,123 DEBUG   SenderThread:5676 [sender.py:send():336] send: history
2023-03-03 02:11:52,123 DEBUG   SenderThread:5676 [sender.py:send_request():363] send_request: summary_record
2023-03-03 02:11:52,123 INFO    SenderThread:5676 [sender.py:_save_file():1321] saving file wandb-summary.json with policy end
2023-03-03 02:11:52,217 ERROR   gpu       :5676 [interfaces.py:monitor():129] Failed to sample metric: Not Supported
2023-03-03 02:11:52,970 INFO    Thread-17 :5676 [dir_watcher.py:_on_file_modified():292] file/dir modified: C:\Users\anant\CS6910\Assignment 1\wandb\run-20230303_021135-4lluirue\files\wandb-summary.json
2023-03-03 02:11:53,268 DEBUG   HandlerThread:5676 [handler.py:handle_request():144] handle_request: partial_history
2023-03-03 02:11:53,268 DEBUG   SenderThread:5676 [sender.py:send():336] send: history
2023-03-03 02:11:53,268 DEBUG   SenderThread:5676 [sender.py:send_request():363] send_request: summary_record
2023-03-03 02:11:53,283 INFO    SenderThread:5676 [sender.py:_save_file():1321] saving file wandb-summary.json with policy end
2023-03-03 02:11:53,973 INFO    Thread-17 :5676 [dir_watcher.py:_on_file_modified():292] file/dir modified: C:\Users\anant\CS6910\Assignment 1\wandb\run-20230303_021135-4lluirue\files\wandb-summary.json
2023-03-03 02:11:53,973 INFO    Thread-17 :5676 [dir_watcher.py:_on_file_modified():292] file/dir modified: C:\Users\anant\CS6910\Assignment 1\wandb\run-20230303_021135-4lluirue\files\output.log
2023-03-03 02:11:54,475 DEBUG   HandlerThread:5676 [handler.py:handle_request():144] handle_request: partial_history
2023-03-03 02:11:54,475 DEBUG   SenderThread:5676 [sender.py:send():336] send: history
2023-03-03 02:11:54,475 DEBUG   SenderThread:5676 [sender.py:send_request():363] send_request: summary_record
2023-03-03 02:11:54,475 INFO    SenderThread:5676 [sender.py:_save_file():1321] saving file wandb-summary.json with policy end
2023-03-03 02:11:54,899 ERROR   gpu       :5676 [interfaces.py:monitor():129] Failed to sample metric: Not Supported
2023-03-03 02:11:54,977 INFO    Thread-17 :5676 [dir_watcher.py:_on_file_modified():292] file/dir modified: C:\Users\anant\CS6910\Assignment 1\wandb\run-20230303_021135-4lluirue\files\wandb-summary.json
2023-03-03 02:11:56,107 DEBUG   HandlerThread:5676 [handler.py:handle_request():144] handle_request: partial_history
2023-03-03 02:11:56,107 DEBUG   SenderThread:5676 [sender.py:send():336] send: history
2023-03-03 02:11:56,107 DEBUG   SenderThread:5676 [sender.py:send_request():363] send_request: summary_record
2023-03-03 02:11:56,107 DEBUG   HandlerThread:5676 [handler.py:handle_request():144] handle_request: status_report
2023-03-03 02:11:56,107 INFO    SenderThread:5676 [sender.py:_save_file():1321] saving file wandb-summary.json with policy end
2023-03-03 02:11:56,986 INFO    Thread-17 :5676 [dir_watcher.py:_on_file_modified():292] file/dir modified: C:\Users\anant\CS6910\Assignment 1\wandb\run-20230303_021135-4lluirue\files\wandb-summary.json
2023-03-03 02:11:57,601 ERROR   gpu       :5676 [interfaces.py:monitor():129] Failed to sample metric: Not Supported
2023-03-03 02:11:57,724 DEBUG   HandlerThread:5676 [handler.py:handle_request():144] handle_request: partial_history
2023-03-03 02:11:57,724 DEBUG   SenderThread:5676 [sender.py:send():336] send: history
2023-03-03 02:11:57,739 DEBUG   SenderThread:5676 [sender.py:send_request():363] send_request: summary_record
2023-03-03 02:11:57,739 INFO    SenderThread:5676 [sender.py:_save_file():1321] saving file wandb-summary.json with policy end
2023-03-03 02:11:57,990 INFO    Thread-17 :5676 [dir_watcher.py:_on_file_modified():292] file/dir modified: C:\Users\anant\CS6910\Assignment 1\wandb\run-20230303_021135-4lluirue\files\wandb-summary.json
2023-03-03 02:11:59,449 DEBUG   HandlerThread:5676 [handler.py:handle_request():144] handle_request: partial_history
2023-03-03 02:11:59,449 DEBUG   SenderThread:5676 [sender.py:send():336] send: history
2023-03-03 02:11:59,449 DEBUG   SenderThread:5676 [sender.py:send_request():363] send_request: summary_record
2023-03-03 02:11:59,449 INFO    SenderThread:5676 [sender.py:_save_file():1321] saving file wandb-summary.json with policy end
2023-03-03 02:12:00,029 INFO    Thread-17 :5676 [dir_watcher.py:_on_file_modified():292] file/dir modified: C:\Users\anant\CS6910\Assignment 1\wandb\run-20230303_021135-4lluirue\files\wandb-summary.json
2023-03-03 02:12:00,311 ERROR   gpu       :5676 [interfaces.py:monitor():129] Failed to sample metric: Not Supported
2023-03-03 02:12:01,456 DEBUG   HandlerThread:5676 [handler.py:handle_request():144] handle_request: partial_history
2023-03-03 02:12:01,472 DEBUG   HandlerThread:5676 [handler.py:handle_request():144] handle_request: status_report
2023-03-03 02:12:01,472 DEBUG   SenderThread:5676 [sender.py:send():336] send: history
2023-03-03 02:12:01,472 DEBUG   SenderThread:5676 [sender.py:send_request():363] send_request: summary_record
2023-03-03 02:12:01,472 INFO    SenderThread:5676 [sender.py:_save_file():1321] saving file wandb-summary.json with policy end
2023-03-03 02:12:02,053 INFO    Thread-17 :5676 [dir_watcher.py:_on_file_modified():292] file/dir modified: C:\Users\anant\CS6910\Assignment 1\wandb\run-20230303_021135-4lluirue\files\wandb-summary.json
2023-03-03 02:12:02,320 ERROR   gpu       :5676 [interfaces.py:monitor():129] Failed to sample metric: Not Supported
2023-03-03 02:12:03,057 DEBUG   HandlerThread:5676 [handler.py:handle_request():144] handle_request: partial_history
2023-03-03 02:12:03,057 DEBUG   SenderThread:5676 [sender.py:send():336] send: history
2023-03-03 02:12:03,057 DEBUG   SenderThread:5676 [sender.py:send_request():363] send_request: summary_record
2023-03-03 02:12:03,057 INFO    SenderThread:5676 [sender.py:_save_file():1321] saving file wandb-summary.json with policy end
2023-03-03 02:12:03,057 INFO    Thread-17 :5676 [dir_watcher.py:_on_file_modified():292] file/dir modified: C:\Users\anant\CS6910\Assignment 1\wandb\run-20230303_021135-4lluirue\files\wandb-summary.json
2023-03-03 02:12:04,327 ERROR   gpu       :5676 [interfaces.py:monitor():129] Failed to sample metric: Not Supported
2023-03-03 02:12:04,645 DEBUG   HandlerThread:5676 [handler.py:handle_request():144] handle_request: partial_history
2023-03-03 02:12:04,645 DEBUG   SenderThread:5676 [sender.py:send():336] send: history
2023-03-03 02:12:04,645 DEBUG   SenderThread:5676 [sender.py:send_request():363] send_request: summary_record
2023-03-03 02:12:04,645 INFO    SenderThread:5676 [sender.py:_save_file():1321] saving file wandb-summary.json with policy end
2023-03-03 02:12:05,085 INFO    Thread-17 :5676 [dir_watcher.py:_on_file_modified():292] file/dir modified: C:\Users\anant\CS6910\Assignment 1\wandb\run-20230303_021135-4lluirue\files\wandb-summary.json
2023-03-03 05:13:33,643 DEBUG   HandlerThread:5676 [handler.py:handle_request():144] handle_request: keepalive
2023-03-03 05:13:33,643 DEBUG   HandlerThread:5676 [handler.py:handle_request():144] handle_request: keepalive
2023-03-03 05:13:33,706 DEBUG   HandlerThread:5676 [handler.py:handle_request():144] handle_request: partial_history
2023-03-03 05:13:33,706 DEBUG   SenderThread:5676 [sender.py:send():336] send: history
2023-03-03 05:13:33,722 DEBUG   HandlerThread:5676 [handler.py:handle_request():144] handle_request: status_report
2023-03-03 05:13:34,586 ERROR   gpu       :5676 [interfaces.py:monitor():129] Failed to sample metric: Not Supported
2023-03-03 05:13:34,853 DEBUG   HandlerThread:5676 [handler.py:handle_request():144] handle_request: poll_exit
2023-03-03 05:13:35,121 DEBUG   SenderThread:5676 [sender.py:send_request():363] send_request: summary_record
2023-03-03 05:13:35,121 INFO    SenderThread:5676 [sender.py:_save_file():1321] saving file wandb-summary.json with policy end
2023-03-03 05:13:35,121 DEBUG   SenderThread:5676 [sender.py:send():336] send: telemetry
2023-03-03 05:13:35,121 DEBUG   SenderThread:5676 [sender.py:send():336] send: run
2023-03-03 05:13:35,484 INFO    SenderThread:5676 [sender.py:send_run():944] updated run: 4lluirue
2023-03-03 05:13:35,484 DEBUG   SenderThread:5676 [sender.py:send():336] send: telemetry
2023-03-03 05:13:35,484 DEBUG   SenderThread:5676 [sender.py:send():336] send: telemetry
2023-03-03 05:13:35,484 DEBUG   SenderThread:5676 [sender.py:send():336] send: exit
2023-03-03 05:13:35,484 INFO    SenderThread:5676 [sender.py:send_exit():559] handling exit code: 0
2023-03-03 05:13:35,484 INFO    SenderThread:5676 [sender.py:send_exit():561] handling runtime: 10917
2023-03-03 05:13:35,484 INFO    SenderThread:5676 [sender.py:_save_file():1321] saving file wandb-summary.json with policy end
2023-03-03 05:13:35,484 INFO    SenderThread:5676 [sender.py:send_exit():567] send defer
2023-03-03 05:13:35,484 DEBUG   SenderThread:5676 [sender.py:send_request():363] send_request: poll_exit
2023-03-03 05:13:35,484 DEBUG   HandlerThread:5676 [handler.py:handle_request():144] handle_request: defer
2023-03-03 05:13:35,484 INFO    HandlerThread:5676 [handler.py:handle_request_defer():170] handle defer: 0
2023-03-03 05:13:35,484 DEBUG   SenderThread:5676 [sender.py:send_request():363] send_request: defer
2023-03-03 05:13:35,484 INFO    SenderThread:5676 [sender.py:send_request_defer():583] handle sender defer: 0
2023-03-03 05:13:35,484 INFO    SenderThread:5676 [sender.py:transition_state():587] send defer: 1
2023-03-03 05:13:35,484 DEBUG   HandlerThread:5676 [handler.py:handle_request():144] handle_request: defer
2023-03-03 05:13:35,484 INFO    HandlerThread:5676 [handler.py:handle_request_defer():170] handle defer: 1
2023-03-03 05:13:35,484 DEBUG   SenderThread:5676 [sender.py:send_request():363] send_request: defer
2023-03-03 05:13:35,484 INFO    SenderThread:5676 [sender.py:send_request_defer():583] handle sender defer: 1
2023-03-03 05:13:35,484 INFO    SenderThread:5676 [sender.py:transition_state():587] send defer: 2
2023-03-03 05:13:35,484 DEBUG   HandlerThread:5676 [handler.py:handle_request():144] handle_request: defer
2023-03-03 05:13:35,484 INFO    HandlerThread:5676 [handler.py:handle_request_defer():170] handle defer: 2
2023-03-03 05:13:35,484 INFO    HandlerThread:5676 [system_monitor.py:finish():161] Stopping system monitor
2023-03-03 05:13:35,484 DEBUG   SystemMonitor:5676 [system_monitor.py:_start():130] Starting system metrics aggregation loop
2023-03-03 05:13:35,500 DEBUG   SystemMonitor:5676 [system_monitor.py:_start():137] Finished system metrics aggregation loop
2023-03-03 05:13:35,500 INFO    HandlerThread:5676 [interfaces.py:finish():175] Joined cpu
2023-03-03 05:13:35,500 DEBUG   SystemMonitor:5676 [system_monitor.py:_start():141] Publishing last batch of metrics
2023-03-03 05:13:35,500 INFO    HandlerThread:5676 [interfaces.py:finish():175] Joined disk
2023-03-03 05:13:35,547 INFO    HandlerThread:5676 [interfaces.py:finish():175] Joined gpu
2023-03-03 05:13:35,547 INFO    HandlerThread:5676 [interfaces.py:finish():175] Joined memory
2023-03-03 05:13:35,547 INFO    HandlerThread:5676 [interfaces.py:finish():175] Joined network
2023-03-03 05:13:35,547 DEBUG   SenderThread:5676 [sender.py:send_request():363] send_request: defer
2023-03-03 05:13:35,547 INFO    SenderThread:5676 [sender.py:send_request_defer():583] handle sender defer: 2
2023-03-03 05:13:35,547 INFO    SenderThread:5676 [sender.py:transition_state():587] send defer: 3
2023-03-03 05:13:35,547 DEBUG   SenderThread:5676 [sender.py:send():336] send: stats
2023-03-03 05:13:35,547 DEBUG   HandlerThread:5676 [handler.py:handle_request():144] handle_request: defer
2023-03-03 05:13:35,547 INFO    HandlerThread:5676 [handler.py:handle_request_defer():170] handle defer: 3
2023-03-03 05:13:35,547 DEBUG   SenderThread:5676 [sender.py:send_request():363] send_request: defer
2023-03-03 05:13:35,547 INFO    SenderThread:5676 [sender.py:send_request_defer():583] handle sender defer: 3
2023-03-03 05:13:35,547 INFO    SenderThread:5676 [sender.py:transition_state():587] send defer: 4
2023-03-03 05:13:35,547 DEBUG   HandlerThread:5676 [handler.py:handle_request():144] handle_request: defer
2023-03-03 05:13:35,547 INFO    HandlerThread:5676 [handler.py:handle_request_defer():170] handle defer: 4
2023-03-03 05:13:35,547 DEBUG   SenderThread:5676 [sender.py:send_request():363] send_request: defer
2023-03-03 05:13:35,547 INFO    SenderThread:5676 [sender.py:send_request_defer():583] handle sender defer: 4
2023-03-03 05:13:35,547 INFO    SenderThread:5676 [sender.py:transition_state():587] send defer: 5
2023-03-03 05:13:35,547 DEBUG   HandlerThread:5676 [handler.py:handle_request():144] handle_request: defer
2023-03-03 05:13:35,547 INFO    HandlerThread:5676 [handler.py:handle_request_defer():170] handle defer: 5
2023-03-03 05:13:35,547 DEBUG   SenderThread:5676 [sender.py:send():336] send: summary
2023-03-03 05:13:35,547 INFO    SenderThread:5676 [sender.py:_save_file():1321] saving file wandb-summary.json with policy end
2023-03-03 05:13:35,562 DEBUG   SenderThread:5676 [sender.py:send_request():363] send_request: defer
2023-03-03 05:13:35,562 INFO    SenderThread:5676 [sender.py:send_request_defer():583] handle sender defer: 5
2023-03-03 05:13:35,562 INFO    SenderThread:5676 [sender.py:transition_state():587] send defer: 6
2023-03-03 05:13:35,562 DEBUG   HandlerThread:5676 [handler.py:handle_request():144] handle_request: defer
2023-03-03 05:13:35,562 INFO    HandlerThread:5676 [handler.py:handle_request_defer():170] handle defer: 6
2023-03-03 05:13:35,562 DEBUG   SenderThread:5676 [sender.py:send_request():363] send_request: defer
2023-03-03 05:13:35,562 INFO    SenderThread:5676 [sender.py:send_request_defer():583] handle sender defer: 6
2023-03-03 05:13:35,568 DEBUG   HandlerThread:5676 [handler.py:handle_request():144] handle_request: status_report
2023-03-03 05:13:35,704 INFO    Thread-17 :5676 [dir_watcher.py:_on_file_modified():292] file/dir modified: C:\Users\anant\CS6910\Assignment 1\wandb\run-20230303_021135-4lluirue\files\wandb-summary.json
2023-03-03 05:13:35,704 INFO    Thread-17 :5676 [dir_watcher.py:_on_file_modified():292] file/dir modified: C:\Users\anant\CS6910\Assignment 1\wandb\run-20230303_021135-4lluirue\files\config.yaml
2023-03-03 05:13:35,861 DEBUG   HandlerThread:5676 [handler.py:handle_request():144] handle_request: poll_exit
2023-03-03 05:13:36,379 INFO    SenderThread:5676 [sender.py:transition_state():587] send defer: 7
2023-03-03 05:13:36,379 DEBUG   SenderThread:5676 [sender.py:send_request():363] send_request: poll_exit
2023-03-03 05:13:36,379 DEBUG   HandlerThread:5676 [handler.py:handle_request():144] handle_request: defer
2023-03-03 05:13:36,395 INFO    HandlerThread:5676 [handler.py:handle_request_defer():170] handle defer: 7
2023-03-03 05:13:36,395 DEBUG   SenderThread:5676 [sender.py:send_request():363] send_request: defer
2023-03-03 05:13:36,395 INFO    SenderThread:5676 [sender.py:send_request_defer():583] handle sender defer: 7
2023-03-03 05:13:36,710 INFO    Thread-17 :5676 [dir_watcher.py:_on_file_modified():292] file/dir modified: C:\Users\anant\CS6910\Assignment 1\wandb\run-20230303_021135-4lluirue\files\config.yaml
2023-03-03 05:13:36,882 DEBUG   HandlerThread:5676 [handler.py:handle_request():144] handle_request: poll_exit
2023-03-03 05:13:37,024 INFO    SenderThread:5676 [sender.py:transition_state():587] send defer: 8
2023-03-03 05:13:37,024 DEBUG   SenderThread:5676 [sender.py:send_request():363] send_request: poll_exit
2023-03-03 05:13:37,024 DEBUG   HandlerThread:5676 [handler.py:handle_request():144] handle_request: defer
2023-03-03 05:13:37,024 INFO    HandlerThread:5676 [handler.py:handle_request_defer():170] handle defer: 8
2023-03-03 05:13:37,024 DEBUG   SenderThread:5676 [sender.py:send_request():363] send_request: defer
2023-03-03 05:13:37,024 INFO    SenderThread:5676 [sender.py:send_request_defer():583] handle sender defer: 8
2023-03-03 05:13:37,024 INFO    SenderThread:5676 [sender.py:transition_state():587] send defer: 9
2023-03-03 05:13:37,024 DEBUG   HandlerThread:5676 [handler.py:handle_request():144] handle_request: defer
2023-03-03 05:13:37,024 INFO    HandlerThread:5676 [handler.py:handle_request_defer():170] handle defer: 9
2023-03-03 05:13:37,024 DEBUG   SenderThread:5676 [sender.py:send_request():363] send_request: defer
2023-03-03 05:13:37,024 INFO    SenderThread:5676 [sender.py:send_request_defer():583] handle sender defer: 9
2023-03-03 05:13:37,024 INFO    SenderThread:5676 [dir_watcher.py:finish():362] shutting down directory watcher
2023-03-03 10:00:06,964 WARNING FileStreamThread:5676 [file_stream.py:request_with_retry():667] requests_with_retry encountered retryable exception: ('Connection aborted.', ConnectionAbortedError(10053, 'An established connection was aborted by the software in your host machine', None, 10053, None)). func: <bound method Session.post of <requests.sessions.Session object at 0x000002D7C1C7E430>>, args: ('https://api.wandb.ai/files/ananthu2014/CS6910_DL_ASS1/4lluirue/file_stream',), kwargs: {'json': {'files': {'wandb-summary.json': {'offset': 0, 'content': ['{"accuracy_train": 23.53148148148148, "accuracy_validation": 23.116666666666667, "loss_train": 2.3518314073955184, "cost_validation": 2.3616008191023803, "epochs": 7, "_timestamp": 1677789723.0419152, "_runtime": 27.88119411468506, "_step": 7}']}, 'wandb-history.jsonl': {'offset': 6, 'content': ['{"accuracy_train": 23.864814814814814, "accuracy_validation": 23.35, "loss_train": 2.3497444735199466, "cost_validation": 2.3596085127274655, "epochs": 6, "_timestamp": 1677789721.4566789, "_runtime": 26.295957803726196, "_step": 6}', '{"accuracy_train": 23.53148148148148, "accuracy_validation": 23.116666666666667, "loss_train": 2.3518314073955184, "cost_validation": 2.3616008191023803, "epochs": 7, "_timestamp": 1677789723.0419152, "_runtime": 27.88119411468506, "_step": 7}', '{"accuracy_train": 23.27037037037037, "accuracy_validation": 22.883333333333333, "loss_train": 2.353511628801762, "cost_validation": 2.3631185826882906, "epochs": 8, "_timestamp": 1677789724.6455493, "_runtime": 29.484828233718872, "_step": 8}']}}, 'dropped': 0}}
2023-03-03 10:00:06,980 INFO    SenderThread:5676 [dir_watcher.py:_on_file_modified():292] file/dir modified: C:\Users\anant\CS6910\Assignment 1\wandb\run-20230303_021135-4lluirue\files\output.log
2023-03-03 10:00:06,980 INFO    SenderThread:5676 [dir_watcher.py:finish():392] scan: C:\Users\anant\CS6910\Assignment 1\wandb\run-20230303_021135-4lluirue\files
2023-03-03 10:00:06,980 INFO    SenderThread:5676 [dir_watcher.py:finish():406] scan save: C:\Users\anant\CS6910\Assignment 1\wandb\run-20230303_021135-4lluirue\files\conda-environment.yaml conda-environment.yaml
2023-03-03 10:00:06,980 INFO    SenderThread:5676 [dir_watcher.py:finish():406] scan save: C:\Users\anant\CS6910\Assignment 1\wandb\run-20230303_021135-4lluirue\files\config.yaml config.yaml
2023-03-03 10:00:06,996 INFO    SenderThread:5676 [dir_watcher.py:finish():406] scan save: C:\Users\anant\CS6910\Assignment 1\wandb\run-20230303_021135-4lluirue\files\output.log output.log
2023-03-03 10:00:06,996 INFO    SenderThread:5676 [dir_watcher.py:finish():406] scan save: C:\Users\anant\CS6910\Assignment 1\wandb\run-20230303_021135-4lluirue\files\requirements.txt requirements.txt
2023-03-03 10:00:06,996 INFO    SenderThread:5676 [dir_watcher.py:finish():406] scan save: C:\Users\anant\CS6910\Assignment 1\wandb\run-20230303_021135-4lluirue\files\wandb-metadata.json wandb-metadata.json
2023-03-03 10:00:06,996 INFO    SenderThread:5676 [dir_watcher.py:finish():406] scan save: C:\Users\anant\CS6910\Assignment 1\wandb\run-20230303_021135-4lluirue\files\wandb-summary.json wandb-summary.json
2023-03-03 10:00:06,996 INFO    SenderThread:5676 [sender.py:transition_state():587] send defer: 10
2023-03-03 10:00:06,996 DEBUG   HandlerThread:5676 [handler.py:handle_request():144] handle_request: defer
2023-03-03 10:00:06,996 INFO    HandlerThread:5676 [handler.py:handle_request_defer():170] handle defer: 10
2023-03-03 10:00:06,996 DEBUG   HandlerThread:5676 [handler.py:handle_request():144] handle_request: status_report
2023-03-03 10:00:06,996 DEBUG   SenderThread:5676 [sender.py:send_request():363] send_request: defer
2023-03-03 10:00:06,996 INFO    SenderThread:5676 [sender.py:send_request_defer():583] handle sender defer: 10
2023-03-03 10:00:06,996 INFO    SenderThread:5676 [file_pusher.py:finish():162] shutting down file pusher
2023-03-03 10:00:07,153 DEBUG   HandlerThread:5676 [handler.py:handle_request():144] handle_request: keepalive
2023-03-03 10:00:07,153 DEBUG   HandlerThread:5676 [handler.py:handle_request():144] handle_request: poll_exit
2023-03-03 10:00:07,153 DEBUG   SenderThread:5676 [sender.py:send_request():363] send_request: poll_exit
2023-03-03 10:00:08,167 DEBUG   HandlerThread:5676 [handler.py:handle_request():144] handle_request: poll_exit
2023-03-03 10:00:08,324 DEBUG   SenderThread:5676 [sender.py:send_request():363] send_request: poll_exit
2023-03-03 10:00:08,535 INFO    wandb-upload_1:5676 [retry.py:__call__():172] Retry attempt failed:
Traceback (most recent call last):
  File "C:\Users\anant\anaconda3\lib\site-packages\urllib3\connection.py", line 174, in _new_conn
    conn = connection.create_connection(
  File "C:\Users\anant\anaconda3\lib\site-packages\urllib3\util\connection.py", line 72, in create_connection
    for res in socket.getaddrinfo(host, port, family, socket.SOCK_STREAM):
  File "C:\Users\anant\anaconda3\lib\socket.py", line 954, in getaddrinfo
    for res in _socket.getaddrinfo(host, port, family, type, proto, flags):
socket.gaierror: [Errno 11001] getaddrinfo failed

During handling of the above exception, another exception occurred:

Traceback (most recent call last):
  File "C:\Users\anant\anaconda3\lib\site-packages\urllib3\connectionpool.py", line 703, in urlopen
    httplib_response = self._make_request(
  File "C:\Users\anant\anaconda3\lib\site-packages\urllib3\connectionpool.py", line 386, in _make_request
    self._validate_conn(conn)
  File "C:\Users\anant\anaconda3\lib\site-packages\urllib3\connectionpool.py", line 1042, in _validate_conn
    conn.connect()
  File "C:\Users\anant\anaconda3\lib\site-packages\urllib3\connection.py", line 358, in connect
    self.sock = conn = self._new_conn()
  File "C:\Users\anant\anaconda3\lib\site-packages\urllib3\connection.py", line 186, in _new_conn
    raise NewConnectionError(
urllib3.exceptions.NewConnectionError: <urllib3.connection.HTTPSConnection object at 0x000002D7C1D8D340>: Failed to establish a new connection: [Errno 11001] getaddrinfo failed

During handling of the above exception, another exception occurred:

Traceback (most recent call last):
  File "C:\Users\anant\anaconda3\lib\site-packages\requests\adapters.py", line 489, in send
    resp = conn.urlopen(
  File "C:\Users\anant\anaconda3\lib\site-packages\urllib3\connectionpool.py", line 787, in urlopen
    retries = retries.increment(
  File "C:\Users\anant\anaconda3\lib\site-packages\urllib3\util\retry.py", line 592, in increment
    raise MaxRetryError(_pool, url, error or ResponseError(cause))
urllib3.exceptions.MaxRetryError: HTTPSConnectionPool(host='api.wandb.ai', port=443): Max retries exceeded with url: /graphql (Caused by NewConnectionError('<urllib3.connection.HTTPSConnection object at 0x000002D7C1D8D340>: Failed to establish a new connection: [Errno 11001] getaddrinfo failed'))

During handling of the above exception, another exception occurred:

Traceback (most recent call last):
  File "C:\Users\anant\anaconda3\lib\site-packages\wandb\sdk\lib\retry.py", line 131, in __call__
    result = self._call_fn(*args, **kwargs)
  File "C:\Users\anant\anaconda3\lib\site-packages\wandb\sdk\internal\internal_api.py", line 242, in execute
    return self.client.execute(*args, **kwargs)  # type: ignore
  File "C:\Users\anant\anaconda3\lib\site-packages\wandb\vendor\gql-0.2.0\wandb_gql\client.py", line 52, in execute
    result = self._get_result(document, *args, **kwargs)
  File "C:\Users\anant\anaconda3\lib\site-packages\wandb\vendor\gql-0.2.0\wandb_gql\client.py", line 60, in _get_result
    return self.transport.execute(document, *args, **kwargs)
  File "C:\Users\anant\anaconda3\lib\site-packages\wandb\vendor\gql-0.2.0\wandb_gql\transport\requests.py", line 38, in execute
    request = requests.post(self.url, **post_args)
  File "C:\Users\anant\anaconda3\lib\site-packages\requests\api.py", line 115, in post
    return request("post", url, data=data, json=json, **kwargs)
  File "C:\Users\anant\anaconda3\lib\site-packages\requests\api.py", line 59, in request
    return session.request(method=method, url=url, **kwargs)
  File "C:\Users\anant\anaconda3\lib\site-packages\requests\sessions.py", line 587, in request
    resp = self.send(prep, **send_kwargs)
  File "C:\Users\anant\anaconda3\lib\site-packages\requests\sessions.py", line 701, in send
    r = adapter.send(request, **kwargs)
  File "C:\Users\anant\anaconda3\lib\site-packages\requests\adapters.py", line 565, in send
    raise ConnectionError(e, request=request)
requests.exceptions.ConnectionError: HTTPSConnectionPool(host='api.wandb.ai', port=443): Max retries exceeded with url: /graphql (Caused by NewConnectionError('<urllib3.connection.HTTPSConnection object at 0x000002D7C1D8D340>: Failed to establish a new connection: [Errno 11001] getaddrinfo failed'))
2023-03-03 10:00:08,975 WARNING FileStreamThread:5676 [file_stream.py:request_with_retry():667] requests_with_retry encountered retryable exception: HTTPSConnectionPool(host='api.wandb.ai', port=443): Max retries exceeded with url: /files/ananthu2014/CS6910_DL_ASS1/4lluirue/file_stream (Caused by NewConnectionError('<urllib3.connection.HTTPSConnection object at 0x000002D7C1D8D100>: Failed to establish a new connection: [Errno 11001] getaddrinfo failed')). func: <bound method Session.post of <requests.sessions.Session object at 0x000002D7C1C7E430>>, args: ('https://api.wandb.ai/files/ananthu2014/CS6910_DL_ASS1/4lluirue/file_stream',), kwargs: {'json': {'files': {'wandb-summary.json': {'offset': 0, 'content': ['{"accuracy_train": 23.53148148148148, "accuracy_validation": 23.116666666666667, "loss_train": 2.3518314073955184, "cost_validation": 2.3616008191023803, "epochs": 7, "_timestamp": 1677789723.0419152, "_runtime": 27.88119411468506, "_step": 7}']}, 'wandb-history.jsonl': {'offset': 6, 'content': ['{"accuracy_train": 23.864814814814814, "accuracy_validation": 23.35, "loss_train": 2.3497444735199466, "cost_validation": 2.3596085127274655, "epochs": 6, "_timestamp": 1677789721.4566789, "_runtime": 26.295957803726196, "_step": 6}', '{"accuracy_train": 23.53148148148148, "accuracy_validation": 23.116666666666667, "loss_train": 2.3518314073955184, "cost_validation": 2.3616008191023803, "epochs": 7, "_timestamp": 1677789723.0419152, "_runtime": 27.88119411468506, "_step": 7}', '{"accuracy_train": 23.27037037037037, "accuracy_validation": 22.883333333333333, "loss_train": 2.353511628801762, "cost_validation": 2.3631185826882906, "epochs": 8, "_timestamp": 1677789724.6455493, "_runtime": 29.484828233718872, "_step": 8}']}}, 'dropped': 0}}
2023-03-03 10:00:09,194 DEBUG   HandlerThread:5676 [handler.py:handle_request():144] handle_request: poll_exit
2023-03-03 10:00:09,194 DEBUG   SenderThread:5676 [sender.py:send_request():363] send_request: poll_exit
2023-03-03 10:00:10,207 DEBUG   HandlerThread:5676 [handler.py:handle_request():144] handle_request: poll_exit
2023-03-03 10:00:10,207 DEBUG   SenderThread:5676 [sender.py:send_request():363] send_request: poll_exit
2023-03-03 10:00:11,211 DEBUG   HandlerThread:5676 [handler.py:handle_request():144] handle_request: poll_exit
2023-03-03 10:00:11,211 DEBUG   SenderThread:5676 [sender.py:send_request():363] send_request: poll_exit
2023-03-03 10:00:12,215 DEBUG   HandlerThread:5676 [handler.py:handle_request():144] handle_request: poll_exit
2023-03-03 10:00:12,231 DEBUG   SenderThread:5676 [sender.py:send_request():363] send_request: poll_exit
2023-03-03 10:00:12,231 DEBUG   HandlerThread:5676 [handler.py:handle_request():144] handle_request: status_report
2023-03-03 10:00:13,226 DEBUG   HandlerThread:5676 [handler.py:handle_request():144] handle_request: poll_exit
2023-03-03 10:00:13,226 DEBUG   SenderThread:5676 [sender.py:send_request():363] send_request: poll_exit
2023-03-03 10:00:14,231 DEBUG   HandlerThread:5676 [handler.py:handle_request():144] handle_request: poll_exit
2023-03-03 10:00:14,231 DEBUG   SenderThread:5676 [sender.py:send_request():363] send_request: poll_exit
2023-03-03 10:00:15,245 DEBUG   HandlerThread:5676 [handler.py:handle_request():144] handle_request: poll_exit
2023-03-03 10:00:15,246 DEBUG   SenderThread:5676 [sender.py:send_request():363] send_request: poll_exit
2023-03-03 10:00:16,172 INFO    wandb-upload_0:5676 [upload_job.py:push():138] Uploaded file C:\Users\anant\CS6910\Assignment 1\wandb\run-20230303_021135-4lluirue\files\conda-environment.yaml
2023-03-03 10:00:16,255 DEBUG   HandlerThread:5676 [handler.py:handle_request():144] handle_request: poll_exit
2023-03-03 10:00:16,256 DEBUG   SenderThread:5676 [sender.py:send_request():363] send_request: poll_exit
2023-03-03 10:00:16,439 INFO    wandb-upload_2:5676 [upload_job.py:push():138] Uploaded file C:\Users\anant\CS6910\Assignment 1\wandb\run-20230303_021135-4lluirue\files\output.log
2023-03-03 10:00:16,463 INFO    wandb-upload_3:5676 [upload_job.py:push():138] Uploaded file C:\Users\anant\CS6910\Assignment 1\wandb\run-20230303_021135-4lluirue\files\requirements.txt
2023-03-03 10:00:16,615 INFO    wandb-upload_1:5676 [upload_job.py:push():138] Uploaded file C:\Users\anant\CS6910\Assignment 1\wandb\run-20230303_021135-4lluirue\files\config.yaml
2023-03-03 10:00:16,676 INFO    wandb-upload_4:5676 [upload_job.py:push():138] Uploaded file C:\Users\anant\CS6910\Assignment 1\wandb\run-20230303_021135-4lluirue\files\wandb-summary.json
2023-03-03 10:00:16,889 INFO    Thread-16 :5676 [sender.py:transition_state():587] send defer: 11
2023-03-03 10:00:16,889 DEBUG   HandlerThread:5676 [handler.py:handle_request():144] handle_request: defer
2023-03-03 10:00:16,889 INFO    HandlerThread:5676 [handler.py:handle_request_defer():170] handle defer: 11
2023-03-03 10:00:16,889 DEBUG   SenderThread:5676 [sender.py:send_request():363] send_request: defer
2023-03-03 10:00:16,889 INFO    SenderThread:5676 [sender.py:send_request_defer():583] handle sender defer: 11
2023-03-03 10:00:16,889 INFO    SenderThread:5676 [file_pusher.py:join():167] waiting for file pusher
2023-03-03 10:00:16,889 INFO    SenderThread:5676 [sender.py:transition_state():587] send defer: 12
2023-03-03 10:00:16,889 DEBUG   HandlerThread:5676 [handler.py:handle_request():144] handle_request: defer
2023-03-03 10:00:16,889 INFO    HandlerThread:5676 [handler.py:handle_request_defer():170] handle defer: 12
2023-03-03 10:00:16,889 DEBUG   SenderThread:5676 [sender.py:send_request():363] send_request: defer
2023-03-03 10:00:16,889 INFO    SenderThread:5676 [sender.py:send_request_defer():583] handle sender defer: 12
2023-03-03 10:00:17,174 INFO    SenderThread:5676 [sender.py:transition_state():587] send defer: 13
2023-03-03 10:00:17,174 DEBUG   HandlerThread:5676 [handler.py:handle_request():144] handle_request: defer
2023-03-03 10:00:17,174 INFO    HandlerThread:5676 [handler.py:handle_request_defer():170] handle defer: 13
2023-03-03 10:00:17,174 DEBUG   SenderThread:5676 [sender.py:send_request():363] send_request: defer
2023-03-03 10:00:17,174 INFO    SenderThread:5676 [sender.py:send_request_defer():583] handle sender defer: 13
2023-03-03 10:00:17,174 INFO    SenderThread:5676 [sender.py:transition_state():587] send defer: 14
2023-03-03 10:00:17,174 DEBUG   HandlerThread:5676 [handler.py:handle_request():144] handle_request: defer
2023-03-03 10:00:17,174 INFO    HandlerThread:5676 [handler.py:handle_request_defer():170] handle defer: 14
2023-03-03 10:00:17,174 DEBUG   SenderThread:5676 [sender.py:send():336] send: final
2023-03-03 10:00:17,174 DEBUG   SenderThread:5676 [sender.py:send():336] send: footer
2023-03-03 10:00:17,174 DEBUG   SenderThread:5676 [sender.py:send_request():363] send_request: defer
2023-03-03 10:00:17,174 INFO    SenderThread:5676 [sender.py:send_request_defer():583] handle sender defer: 14
2023-03-03 10:00:17,174 DEBUG   HandlerThread:5676 [handler.py:handle_request():144] handle_request: poll_exit
2023-03-03 10:00:17,174 DEBUG   HandlerThread:5676 [handler.py:handle_request():144] handle_request: server_info
2023-03-03 10:00:17,174 DEBUG   HandlerThread:5676 [handler.py:handle_request():144] handle_request: get_summary
2023-03-03 10:00:17,174 DEBUG   SenderThread:5676 [sender.py:send_request():363] send_request: poll_exit
2023-03-03 10:00:17,174 DEBUG   HandlerThread:5676 [handler.py:handle_request():144] handle_request: sampled_history
2023-03-03 10:00:17,174 DEBUG   SenderThread:5676 [sender.py:send_request():363] send_request: server_info
2023-03-03 10:00:18,041 DEBUG   HandlerThread:5676 [handler.py:handle_request():144] handle_request: status_report
2023-03-03 10:00:18,041 DEBUG   HandlerThread:5676 [handler.py:handle_request():144] handle_request: shutdown
2023-03-03 10:00:18,041 INFO    HandlerThread:5676 [handler.py:finish():841] shutting down handler
2023-03-03 10:00:19,055 INFO    WriterThread:5676 [datastore.py:close():299] close: C:\Users\anant\CS6910\Assignment 1\wandb\run-20230303_021135-4lluirue\run-4lluirue.wandb
2023-03-03 10:00:19,055 INFO    SenderThread:5676 [sender.py:finish():1493] shutting down sender
2023-03-03 10:00:19,056 INFO    SenderThread:5676 [file_pusher.py:finish():162] shutting down file pusher
2023-03-03 10:00:19,056 INFO    SenderThread:5676 [file_pusher.py:join():167] waiting for file pusher
